2012-09-26 09:48:12,443 | INFO  | Successfully connected to tcp://localhost:61616 | org.apache.activemq.transport.failover.FailoverTransport | ActiveMQ Task-1
2012-09-26 09:48:12,890 | INFO  | Successfully connected to tcp://localhost:61616 | org.apache.activemq.transport.failover.FailoverTransport | ActiveMQ Task-2
2012-09-26 09:48:12,916 | INFO  | Successfully connected to tcp://localhost:61616 | org.apache.activemq.transport.failover.FailoverTransport | ActiveMQ Task-1
2012-09-26 11:08:23,674 | WARN  | Transport (localhost/127.0.0.1:61616) failed to tcp://localhost:61616 , attempting to automatically reconnect due to: java.io.EOFException | org.apache.activemq.transport.failover.FailoverTransport | ActiveMQ Transport: tcp://localhost/127.0.0.1:61616
2012-09-26 11:08:23,697 | WARN  | Transport (localhost/127.0.0.1:61616) failed to tcp://localhost:61616 , attempting to automatically reconnect due to: java.io.EOFException | org.apache.activemq.transport.failover.FailoverTransport | ActiveMQ Transport: tcp://localhost/127.0.0.1:61616
2012-09-26 11:08:23,691 | WARN  | Transport (localhost/127.0.0.1:61616) failed to tcp://localhost:61616 , attempting to automatically reconnect due to: java.io.EOFException | org.apache.activemq.transport.failover.FailoverTransport | ActiveMQ Transport: tcp://localhost/127.0.0.1:61616
2012-09-26 11:08:34,750 | INFO  | Clazz: class net.blogracy.model.users.UserImpl loaded by WebAppClassLoader=10192618@9b86ea | org.eclipse.jetty.servlet.listener.ELContextCleaner | Thread-1
2012-09-26 11:08:34,751 | INFO  | removed | org.eclipse.jetty.servlet.listener.ELContextCleaner | Thread-1
2012-09-26 11:08:34,752 | INFO  | javax.el.BeanELResolver purged | org.eclipse.jetty.servlet.listener.ELContextCleaner | Thread-1
2012-09-26 11:50:36,556 | INFO  | Successfully connected to tcp://localhost:61616 | org.apache.activemq.transport.failover.FailoverTransport | ActiveMQ Task-1
2012-09-26 11:50:37,254 | INFO  | Successfully connected to tcp://localhost:61616 | org.apache.activemq.transport.failover.FailoverTransport | ActiveMQ Task-2
2012-09-26 11:50:37,289 | INFO  | Successfully connected to tcp://localhost:61616 | org.apache.activemq.transport.failover.FailoverTransport | ActiveMQ Task-1
2012-09-26 11:52:19,493 | WARN  | Transport (localhost/127.0.0.1:61616) failed to tcp://localhost:61616 , attempting to automatically reconnect due to: java.io.EOFException | org.apache.activemq.transport.failover.FailoverTransport | ActiveMQ Transport: tcp://localhost/127.0.0.1:61616
2012-09-26 11:52:19,509 | WARN  | Transport (localhost/127.0.0.1:61616) failed to tcp://localhost:61616 , attempting to automatically reconnect due to: java.io.EOFException | org.apache.activemq.transport.failover.FailoverTransport | ActiveMQ Transport: tcp://localhost/127.0.0.1:61616
2012-09-26 11:52:19,532 | WARN  | Transport (localhost/127.0.0.1:61616) failed to tcp://localhost:61616 , attempting to automatically reconnect due to: java.io.EOFException | org.apache.activemq.transport.failover.FailoverTransport | ActiveMQ Transport: tcp://localhost/127.0.0.1:61616
2012-09-26 11:52:24,901 | INFO  | Clazz: class net.blogracy.model.users.UserImpl loaded by WebAppClassLoader=2003839@1e937f | org.eclipse.jetty.servlet.listener.ELContextCleaner | Thread-1
2012-09-26 11:52:24,902 | INFO  | removed | org.eclipse.jetty.servlet.listener.ELContextCleaner | Thread-1
2012-09-26 11:52:24,903 | INFO  | javax.el.BeanELResolver purged | org.eclipse.jetty.servlet.listener.ELContextCleaner | Thread-1
2012-09-26 14:24:14,763 | INFO  | Successfully connected to tcp://localhost:61616 | org.apache.activemq.transport.failover.FailoverTransport | ActiveMQ Task-1
2012-09-26 14:24:15,390 | INFO  | Successfully connected to tcp://localhost:61616 | org.apache.activemq.transport.failover.FailoverTransport | ActiveMQ Task-2
2012-09-26 14:24:15,516 | INFO  | Successfully connected to tcp://localhost:61616 | org.apache.activemq.transport.failover.FailoverTransport | ActiveMQ Task-1
2012-09-26 15:09:34,292 | INFO  | Clazz: class net.blogracy.model.users.UserImpl loaded by WebAppClassLoader=3475648@3508c0 | org.eclipse.jetty.servlet.listener.ELContextCleaner | Thread-1
2012-09-26 15:09:34,293 | INFO  | removed | org.eclipse.jetty.servlet.listener.ELContextCleaner | Thread-1
2012-09-26 15:09:34,294 | INFO  | javax.el.BeanELResolver purged | org.eclipse.jetty.servlet.listener.ELContextCleaner | Thread-1
2012-09-26 15:48:04,525 | INFO  | Successfully connected to tcp://localhost:61616 | org.apache.activemq.transport.failover.FailoverTransport | ActiveMQ Task-1
2012-09-26 15:48:05,246 | INFO  | Successfully connected to tcp://localhost:61616 | org.apache.activemq.transport.failover.FailoverTransport | ActiveMQ Task-2
2012-09-26 15:48:05,300 | INFO  | Successfully connected to tcp://localhost:61616 | org.apache.activemq.transport.failover.FailoverTransport | ActiveMQ Task-1
2012-09-26 16:01:22,376 | INFO  | Clazz: class net.blogracy.model.users.UserImpl loaded by WebAppClassLoader=3475648@3508c0 | org.eclipse.jetty.servlet.listener.ELContextCleaner | Thread-1
2012-09-26 16:01:22,377 | INFO  | removed | org.eclipse.jetty.servlet.listener.ELContextCleaner | Thread-1
2012-09-26 16:01:22,377 | INFO  | javax.el.BeanELResolver purged | org.eclipse.jetty.servlet.listener.ELContextCleaner | Thread-1
2012-09-26 16:19:47,198 | INFO  | Successfully connected to tcp://localhost:61616 | org.apache.activemq.transport.failover.FailoverTransport | ActiveMQ Task-1
2012-09-26 16:20:05,855 | INFO  | Successfully connected to tcp://localhost:61616 | org.apache.activemq.transport.failover.FailoverTransport | ActiveMQ Task-3
2012-09-26 16:20:06,274 | INFO  | Successfully connected to tcp://localhost:61616 | org.apache.activemq.transport.failover.FailoverTransport | ActiveMQ Task-4
2012-09-26 16:43:18,680 | INFO  | Clazz: class net.blogracy.model.users.UserImpl loaded by WebAppClassLoader=14460880@dca7d0 | org.eclipse.jetty.servlet.listener.ELContextCleaner | Thread-1
2012-09-26 16:43:18,681 | INFO  | removed | org.eclipse.jetty.servlet.listener.ELContextCleaner | Thread-1
2012-09-26 16:43:18,681 | INFO  | javax.el.BeanELResolver purged | org.eclipse.jetty.servlet.listener.ELContextCleaner | Thread-1
2012-09-27 14:24:38,760 | INFO  | Successfully connected to tcp://localhost:61616 | org.apache.activemq.transport.failover.FailoverTransport | ActiveMQ Task-1
2012-09-27 14:24:39,374 | INFO  | Successfully connected to tcp://localhost:61616 | org.apache.activemq.transport.failover.FailoverTransport | ActiveMQ Task-2
2012-09-27 14:24:39,402 | INFO  | Successfully connected to tcp://localhost:61616 | org.apache.activemq.transport.failover.FailoverTransport | ActiveMQ Task-1
2012-09-27 17:42:01,283 | INFO  | Clazz: class net.blogracy.model.users.UserImpl loaded by WebAppClassLoader=14460880@dca7d0 | org.eclipse.jetty.servlet.listener.ELContextCleaner | Thread-1
2012-09-27 17:42:01,283 | INFO  | removed | org.eclipse.jetty.servlet.listener.ELContextCleaner | Thread-1
2012-09-27 17:42:01,284 | INFO  | javax.el.BeanELResolver purged | org.eclipse.jetty.servlet.listener.ELContextCleaner | Thread-1
2012-09-28 10:55:33,436 | INFO  | Successfully connected to tcp://localhost:61616 | org.apache.activemq.transport.failover.FailoverTransport | ActiveMQ Task-1
2012-09-28 10:55:34,447 | INFO  | Successfully connected to tcp://localhost:61616 | org.apache.activemq.transport.failover.FailoverTransport | ActiveMQ Task-2
2012-09-28 10:55:34,732 | INFO  | Successfully connected to tcp://localhost:61616 | org.apache.activemq.transport.failover.FailoverTransport | ActiveMQ Task-1
2012-09-28 11:41:33,592 | WARN  | Transport (localhost/127.0.0.1:61616) failed to tcp://localhost:61616 , attempting to automatically reconnect due to: java.io.EOFException | org.apache.activemq.transport.failover.FailoverTransport | ActiveMQ Transport: tcp://localhost/127.0.0.1:61616
2012-09-28 11:41:33,608 | WARN  | Transport (localhost/127.0.0.1:61616) failed to tcp://localhost:61616 , attempting to automatically reconnect due to: java.io.EOFException | org.apache.activemq.transport.failover.FailoverTransport | ActiveMQ Transport: tcp://localhost/127.0.0.1:61616
2012-09-28 11:41:33,612 | WARN  | Transport (localhost/127.0.0.1:61616) failed to tcp://localhost:61616 , attempting to automatically reconnect due to: java.io.EOFException | org.apache.activemq.transport.failover.FailoverTransport | ActiveMQ Transport: tcp://localhost/127.0.0.1:61616
2012-09-28 11:41:41,600 | INFO  | Clazz: class net.blogracy.model.users.UserImpl loaded by WebAppClassLoader=10808772@a4edc4 | org.eclipse.jetty.servlet.listener.ELContextCleaner | Thread-1
2012-09-28 11:41:41,601 | INFO  | removed | org.eclipse.jetty.servlet.listener.ELContextCleaner | Thread-1
2012-09-28 11:41:41,601 | INFO  | javax.el.BeanELResolver purged | org.eclipse.jetty.servlet.listener.ELContextCleaner | Thread-1
2012-10-01 13:55:40,308 | INFO  | Successfully connected to tcp://localhost:61616 | org.apache.activemq.transport.failover.FailoverTransport | ActiveMQ Task-1
2012-10-01 13:55:40,948 | INFO  | Successfully connected to tcp://localhost:61616 | org.apache.activemq.transport.failover.FailoverTransport | ActiveMQ Task-2
2012-10-01 13:55:40,976 | INFO  | Successfully connected to tcp://localhost:61616 | org.apache.activemq.transport.failover.FailoverTransport | ActiveMQ Task-1
2012-10-01 14:10:21,685 | WARN  | Transport (localhost/127.0.0.1:61616) failed to tcp://localhost:61616 , attempting to automatically reconnect due to: java.io.EOFException | org.apache.activemq.transport.failover.FailoverTransport | ActiveMQ Transport: tcp://localhost/127.0.0.1:61616
2012-10-01 14:10:21,693 | WARN  | Transport (localhost/127.0.0.1:61616) failed to tcp://localhost:61616 , attempting to automatically reconnect due to: java.io.EOFException | org.apache.activemq.transport.failover.FailoverTransport | ActiveMQ Transport: tcp://localhost/127.0.0.1:61616
2012-10-01 14:10:21,703 | WARN  | Transport (localhost/127.0.0.1:61616) failed to tcp://localhost:61616 , attempting to automatically reconnect due to: java.io.EOFException | org.apache.activemq.transport.failover.FailoverTransport | ActiveMQ Transport: tcp://localhost/127.0.0.1:61616
2012-10-01 14:10:21,963 | INFO  | Clazz: class net.blogracy.model.users.UserImpl loaded by WebAppClassLoader=14460880@dca7d0 | org.eclipse.jetty.servlet.listener.ELContextCleaner | Thread-1
2012-10-01 14:10:21,964 | INFO  | removed | org.eclipse.jetty.servlet.listener.ELContextCleaner | Thread-1
2012-10-01 14:10:21,964 | INFO  | javax.el.BeanELResolver purged | org.eclipse.jetty.servlet.listener.ELContextCleaner | Thread-1
2012-10-01 14:20:02,731 | INFO  | Successfully connected to tcp://localhost:61616 | org.apache.activemq.transport.failover.FailoverTransport | ActiveMQ Task-1
2012-10-01 14:20:03,245 | INFO  | Successfully connected to tcp://localhost:61616 | org.apache.activemq.transport.failover.FailoverTransport | ActiveMQ Task-2
2012-10-01 14:20:03,284 | INFO  | Successfully connected to tcp://localhost:61616 | org.apache.activemq.transport.failover.FailoverTransport | ActiveMQ Task-1
2012-10-01 14:22:19,969 | INFO  | Clazz: class net.blogracy.model.users.UserImpl loaded by WebAppClassLoader=5192610@4f3ba2 | org.eclipse.jetty.servlet.listener.ELContextCleaner | Thread-1
2012-10-01 14:22:19,977 | INFO  | removed | org.eclipse.jetty.servlet.listener.ELContextCleaner | Thread-1
2012-10-01 14:22:19,982 | INFO  | javax.el.BeanELResolver purged | org.eclipse.jetty.servlet.listener.ELContextCleaner | Thread-1
2012-10-01 14:23:31,203 | INFO  | Successfully connected to tcp://localhost:61616 | org.apache.activemq.transport.failover.FailoverTransport | ActiveMQ Task-1
2012-10-01 14:23:31,955 | INFO  | Successfully connected to tcp://localhost:61616 | org.apache.activemq.transport.failover.FailoverTransport | ActiveMQ Task-2
2012-10-01 14:23:32,003 | INFO  | Successfully connected to tcp://localhost:61616 | org.apache.activemq.transport.failover.FailoverTransport | ActiveMQ Task-1
2012-10-01 14:38:31,575 | INFO  | Clazz: class net.blogracy.model.users.UserImpl loaded by WebAppClassLoader=5192610@4f3ba2 | org.eclipse.jetty.servlet.listener.ELContextCleaner | Thread-1
2012-10-01 14:38:31,575 | INFO  | removed | org.eclipse.jetty.servlet.listener.ELContextCleaner | Thread-1
2012-10-01 14:38:31,576 | INFO  | javax.el.BeanELResolver purged | org.eclipse.jetty.servlet.listener.ELContextCleaner | Thread-1
2012-10-19 13:15:50,086 | INFO  | javax.el.BeanELResolver purged | org.eclipse.jetty.servlet.listener.ELContextCleaner | Thread-1
2012-10-19 13:16:39,024 | INFO  | Successfully connected to tcp://localhost:61616 | org.apache.activemq.transport.failover.FailoverTransport | ActiveMQ Task-1
2012-10-19 13:16:39,576 | INFO  | Successfully connected to tcp://localhost:61616 | org.apache.activemq.transport.failover.FailoverTransport | ActiveMQ Task-2
2012-10-19 13:16:39,608 | INFO  | Successfully connected to tcp://localhost:61616 | org.apache.activemq.transport.failover.FailoverTransport | ActiveMQ Task-1
2012-10-19 13:19:27,447 | INFO  | Clazz: class net.blogracy.model.users.UserImpl loaded by WebAppClassLoader=5192610@4f3ba2 | org.eclipse.jetty.servlet.listener.ELContextCleaner | Thread-1
2012-10-19 13:19:27,448 | INFO  | removed | org.eclipse.jetty.servlet.listener.ELContextCleaner | Thread-1
2012-10-19 13:19:27,448 | INFO  | javax.el.BeanELResolver purged | org.eclipse.jetty.servlet.listener.ELContextCleaner | Thread-1
2012-10-23 10:04:24,083 | INFO  | javax.el.BeanELResolver purged | org.eclipse.jetty.servlet.listener.ELContextCleaner | Thread-1
2012-10-23 10:05:35,962 | INFO  | javax.el.BeanELResolver purged | org.eclipse.jetty.servlet.listener.ELContextCleaner | Thread-1
2012-10-23 10:07:19,164 | INFO  | javax.el.BeanELResolver purged | org.eclipse.jetty.servlet.listener.ELContextCleaner | Thread-1
2012-10-23 10:08:56,895 | INFO  | Successfully connected to tcp://localhost:61616 | org.apache.activemq.transport.failover.FailoverTransport | ActiveMQ Task-1
2012-10-23 10:08:57,617 | INFO  | Successfully connected to tcp://localhost:61616 | org.apache.activemq.transport.failover.FailoverTransport | ActiveMQ Task-2
2012-10-23 10:08:57,639 | INFO  | Successfully connected to tcp://localhost:61616 | org.apache.activemq.transport.failover.FailoverTransport | ActiveMQ Task-1
2012-10-23 10:10:46,706 | INFO  | Clazz: class net.blogracy.model.users.UserImpl loaded by WebAppClassLoader=3475648@3508c0 | org.eclipse.jetty.servlet.listener.ELContextCleaner | Thread-1
2012-10-23 10:10:46,707 | INFO  | removed | org.eclipse.jetty.servlet.listener.ELContextCleaner | Thread-1
2012-10-23 10:10:46,707 | INFO  | javax.el.BeanELResolver purged | org.eclipse.jetty.servlet.listener.ELContextCleaner | Thread-1
2012-10-23 10:58:13,989 | INFO  | Successfully connected to tcp://localhost:61616 | org.apache.activemq.transport.failover.FailoverTransport | ActiveMQ Task-1
2012-10-23 10:58:14,969 | INFO  | Successfully connected to tcp://localhost:61616 | org.apache.activemq.transport.failover.FailoverTransport | ActiveMQ Task-2
2012-10-23 10:58:15,018 | INFO  | Successfully connected to tcp://localhost:61616 | org.apache.activemq.transport.failover.FailoverTransport | ActiveMQ Task-1
2012-10-23 10:58:31,691 | INFO  | Clazz: class net.blogracy.model.users.UserImpl loaded by WebAppClassLoader=5192610@4f3ba2 | org.eclipse.jetty.servlet.listener.ELContextCleaner | Thread-1
2012-10-23 10:58:31,693 | INFO  | removed | org.eclipse.jetty.servlet.listener.ELContextCleaner | Thread-1
2012-10-23 10:58:31,694 | INFO  | javax.el.BeanELResolver purged | org.eclipse.jetty.servlet.listener.ELContextCleaner | Thread-1
2012-10-23 11:31:34,234 | INFO  | Successfully connected to tcp://localhost:61616 | org.apache.activemq.transport.failover.FailoverTransport | ActiveMQ Task-1
2012-10-23 11:31:34,685 | INFO  | Successfully connected to tcp://localhost:61616 | org.apache.activemq.transport.failover.FailoverTransport | ActiveMQ Task-2
2012-10-23 11:42:38,847 | INFO  | Clazz: class net.blogracy.model.users.UserImpl loaded by WebAppClassLoader=15270039@e90097 | org.eclipse.jetty.servlet.listener.ELContextCleaner | Thread-1
2012-10-23 11:42:38,849 | INFO  | removed | org.eclipse.jetty.servlet.listener.ELContextCleaner | Thread-1
2012-10-23 11:42:38,849 | INFO  | javax.el.BeanELResolver purged | org.eclipse.jetty.servlet.listener.ELContextCleaner | Thread-1
2012-10-23 11:45:01,527 | INFO  | Successfully connected to tcp://localhost:61616 | org.apache.activemq.transport.failover.FailoverTransport | ActiveMQ Task-1
2012-10-23 11:45:01,989 | INFO  | Successfully connected to tcp://localhost:61616 | org.apache.activemq.transport.failover.FailoverTransport | ActiveMQ Task-2
2012-10-23 11:46:31,386 | INFO  | Clazz: class net.blogracy.model.users.UserImpl loaded by WebAppClassLoader=5192610@4f3ba2 | org.eclipse.jetty.servlet.listener.ELContextCleaner | Thread-1
2012-10-23 11:46:31,390 | INFO  | removed | org.eclipse.jetty.servlet.listener.ELContextCleaner | Thread-1
2012-10-23 11:46:31,392 | INFO  | javax.el.BeanELResolver purged | org.eclipse.jetty.servlet.listener.ELContextCleaner | Thread-1
2012-10-23 11:47:06,225 | INFO  | Successfully connected to tcp://localhost:61616 | org.apache.activemq.transport.failover.FailoverTransport | ActiveMQ Task-1
2012-10-23 11:47:06,363 | INFO  | Successfully connected to tcp://localhost:61616 | org.apache.activemq.transport.failover.FailoverTransport | ActiveMQ Task-2
2012-10-23 11:47:06,979 | INFO  | Successfully connected to tcp://localhost:61616 | org.apache.activemq.transport.failover.FailoverTransport | ActiveMQ Task-1
2012-10-23 11:49:03,023 | INFO  | Clazz: class net.blogracy.model.users.UserImpl loaded by WebAppClassLoader=5192610@4f3ba2 | org.eclipse.jetty.servlet.listener.ELContextCleaner | Thread-1
2012-10-23 11:49:03,024 | INFO  | removed | org.eclipse.jetty.servlet.listener.ELContextCleaner | Thread-1
2012-10-23 11:49:03,024 | INFO  | javax.el.BeanELResolver purged | org.eclipse.jetty.servlet.listener.ELContextCleaner | Thread-1
2012-10-23 11:49:32,843 | INFO  | Successfully connected to tcp://localhost:61616 | org.apache.activemq.transport.failover.FailoverTransport | ActiveMQ Task-1
2012-10-23 11:49:32,940 | INFO  | Successfully connected to tcp://localhost:61616 | org.apache.activemq.transport.failover.FailoverTransport | ActiveMQ Task-2
2012-10-23 11:49:33,400 | INFO  | Successfully connected to tcp://localhost:61616 | org.apache.activemq.transport.failover.FailoverTransport | ActiveMQ Task-1
2012-10-23 11:53:04,803 | INFO  | Clazz: class net.blogracy.model.users.UserImpl loaded by WebAppClassLoader=11051796@a8a314 | org.eclipse.jetty.servlet.listener.ELContextCleaner | Thread-1
2012-10-23 11:53:04,803 | INFO  | removed | org.eclipse.jetty.servlet.listener.ELContextCleaner | Thread-1
2012-10-23 11:53:04,804 | INFO  | javax.el.BeanELResolver purged | org.eclipse.jetty.servlet.listener.ELContextCleaner | Thread-1
2012-10-23 11:53:34,146 | INFO  | Successfully connected to tcp://localhost:61616 | org.apache.activemq.transport.failover.FailoverTransport | ActiveMQ Task-1
2012-10-23 11:53:34,241 | INFO  | Successfully connected to tcp://localhost:61616 | org.apache.activemq.transport.failover.FailoverTransport | ActiveMQ Task-2
2012-10-23 11:53:34,695 | INFO  | Successfully connected to tcp://localhost:61616 | org.apache.activemq.transport.failover.FailoverTransport | ActiveMQ Task-1
2012-10-23 11:55:04,873 | INFO  | Clazz: class net.blogracy.model.users.UserImpl loaded by WebAppClassLoader=5192610@4f3ba2 | org.eclipse.jetty.servlet.listener.ELContextCleaner | Thread-1
2012-10-23 11:55:04,874 | INFO  | removed | org.eclipse.jetty.servlet.listener.ELContextCleaner | Thread-1
2012-10-23 11:55:04,874 | INFO  | javax.el.BeanELResolver purged | org.eclipse.jetty.servlet.listener.ELContextCleaner | Thread-1
2012-10-23 11:55:47,099 | INFO  | Successfully connected to tcp://localhost:61616 | org.apache.activemq.transport.failover.FailoverTransport | ActiveMQ Task-1
2012-10-23 11:55:47,242 | INFO  | Successfully connected to tcp://localhost:61616 | org.apache.activemq.transport.failover.FailoverTransport | ActiveMQ Task-2
2012-10-23 11:55:47,758 | INFO  | Successfully connected to tcp://localhost:61616 | org.apache.activemq.transport.failover.FailoverTransport | ActiveMQ Task-1
2012-10-23 12:02:18,830 | INFO  | Clazz: class net.blogracy.model.users.UserImpl loaded by WebAppClassLoader=5192610@4f3ba2 | org.eclipse.jetty.servlet.listener.ELContextCleaner | Thread-1
2012-10-23 12:02:18,831 | INFO  | removed | org.eclipse.jetty.servlet.listener.ELContextCleaner | Thread-1
2012-10-23 12:02:18,831 | INFO  | javax.el.BeanELResolver purged | org.eclipse.jetty.servlet.listener.ELContextCleaner | Thread-1
2012-10-26 13:19:30,036 | INFO  | Successfully connected to tcp://localhost:61616 | org.apache.activemq.transport.failover.FailoverTransport | ActiveMQ Task-1
2012-10-26 13:19:30,117 | INFO  | Successfully connected to tcp://localhost:61616 | org.apache.activemq.transport.failover.FailoverTransport | ActiveMQ Task-2
2012-10-26 13:19:30,600 | INFO  | Successfully connected to tcp://localhost:61616 | org.apache.activemq.transport.failover.FailoverTransport | ActiveMQ Task-1
2012-10-26 13:31:59,976 | INFO  | Clazz: class net.blogracy.model.users.UserImpl loaded by WebAppClassLoader=5036744@4cdac8 | org.eclipse.jetty.servlet.listener.ELContextCleaner | Thread-0
2012-10-26 13:31:59,976 | INFO  | removed | org.eclipse.jetty.servlet.listener.ELContextCleaner | Thread-0
2012-10-26 13:31:59,976 | INFO  | javax.el.BeanELResolver purged | org.eclipse.jetty.servlet.listener.ELContextCleaner | Thread-0
2012-10-26 13:32:59,208 | INFO  | Successfully connected to tcp://localhost:61616 | org.apache.activemq.transport.failover.FailoverTransport | ActiveMQ Task-1
2012-10-26 13:32:59,287 | INFO  | Successfully connected to tcp://localhost:61616 | org.apache.activemq.transport.failover.FailoverTransport | ActiveMQ Task-2
2012-10-26 13:32:59,772 | INFO  | Successfully connected to tcp://localhost:61616 | org.apache.activemq.transport.failover.FailoverTransport | ActiveMQ Task-1
2012-10-26 13:34:01,101 | INFO  | Clazz: class net.blogracy.model.users.UserImpl loaded by WebAppClassLoader=5036744@4cdac8 | org.eclipse.jetty.servlet.listener.ELContextCleaner | Thread-0
2012-10-26 13:34:01,102 | INFO  | removed | org.eclipse.jetty.servlet.listener.ELContextCleaner | Thread-0
2012-10-26 13:34:01,102 | INFO  | javax.el.BeanELResolver purged | org.eclipse.jetty.servlet.listener.ELContextCleaner | Thread-0
2012-10-26 13:34:01,117 | WARN  | Transport (localhost/127.0.0.1:61616) failed to tcp://localhost:61616 , attempting to automatically reconnect due to: java.io.EOFException | org.apache.activemq.transport.failover.FailoverTransport | ActiveMQ Transport: tcp://localhost/127.0.0.1:61616
2012-10-26 13:34:01,118 | WARN  | Transport (localhost/127.0.0.1:61616) failed to tcp://localhost:61616 , attempting to automatically reconnect due to: java.io.EOFException | org.apache.activemq.transport.failover.FailoverTransport | ActiveMQ Transport: tcp://localhost/127.0.0.1:61616
2012-10-26 13:34:01,120 | WARN  | Transport (localhost/127.0.0.1:61616) failed to tcp://localhost:61616 , attempting to automatically reconnect due to: java.io.EOFException | org.apache.activemq.transport.failover.FailoverTransport | ActiveMQ Transport: tcp://localhost/127.0.0.1:61616
2012-10-26 13:38:06,927 | INFO  | Successfully connected to tcp://localhost:61616 | org.apache.activemq.transport.failover.FailoverTransport | ActiveMQ Task-1
2012-10-26 13:38:07,047 | INFO  | Successfully connected to tcp://localhost:61616 | org.apache.activemq.transport.failover.FailoverTransport | ActiveMQ Task-2
2012-10-26 13:38:07,558 | INFO  | Successfully connected to tcp://localhost:61616 | org.apache.activemq.transport.failover.FailoverTransport | ActiveMQ Task-1
2012-10-26 13:42:13,305 | INFO  | Clazz: class net.blogracy.model.users.UserImpl loaded by WebAppClassLoader=11801206@b41276 | org.eclipse.jetty.servlet.listener.ELContextCleaner | Thread-0
2012-10-26 13:42:13,306 | INFO  | removed | org.eclipse.jetty.servlet.listener.ELContextCleaner | Thread-0
2012-10-26 13:42:13,306 | INFO  | javax.el.BeanELResolver purged | org.eclipse.jetty.servlet.listener.ELContextCleaner | Thread-0
2012-10-26 13:44:35,482 | INFO  | Successfully connected to tcp://localhost:61616 | org.apache.activemq.transport.failover.FailoverTransport | ActiveMQ Task-1
2012-10-26 13:44:35,575 | INFO  | Successfully connected to tcp://localhost:61616 | org.apache.activemq.transport.failover.FailoverTransport | ActiveMQ Task-2
2012-10-26 13:44:35,886 | INFO  | Successfully connected to tcp://localhost:61616 | org.apache.activemq.transport.failover.FailoverTransport | ActiveMQ Task-1
